<?xml version="1.0" encoding="UTF-8"?>
<coverage generated="1554778598071" clover="3.2.0">
  <project timestamp="1554778598071" name="All files">
    <metrics statements="57" coveredstatements="27" conditionals="12" coveredconditionals="5" methods="35" coveredmethods="16" elements="104" coveredelements="48" complexity="0" loc="57" ncloc="57" packages="2" files="8" classes="8"/>
    <package name="src">
      <metrics statements="2" coveredstatements="0" conditionals="0" coveredconditionals="0" methods="0" coveredmethods="0"/>
      <file name="index.jsx" path="/Users/williamwong/Downloads/coding/FEC2/about_info_module/client/src/index.jsx">
        <metrics statements="1" coveredstatements="0" conditionals="0" coveredconditionals="0" methods="0" coveredmethods="0"/>
        <line num="6" count="0" type="stmt"/>
      </file>
      <file name="setupTests.js" path="/Users/williamwong/Downloads/coding/FEC2/about_info_module/client/src/setupTests.js">
        <metrics statements="1" coveredstatements="0" conditionals="0" coveredconditionals="0" methods="0" coveredmethods="0"/>
        <line num="5" count="0" type="stmt"/>
      </file>
    </package>
    <package name="src.components">
      <metrics statements="55" coveredstatements="27" conditionals="12" coveredconditionals="5" methods="35" coveredmethods="16"/>
      <file name="About.jsx" path="/Users/williamwong/Downloads/coding/FEC2/about_info_module/client/src/components/About.jsx">
        <metrics statements="8" coveredstatements="6" conditionals="8" coveredconditionals="4" methods="5" coveredmethods="3"/>
        <line num="5" count="1" type="stmt"/>
        <line num="6" count="1" type="stmt"/>
        <line num="10" count="1" type="stmt"/>
        <line num="11" count="1" type="stmt"/>
        <line num="15" count="0" type="stmt"/>
        <line num="21" count="0" type="stmt"/>
        <line num="27" count="1" type="stmt"/>
        <line num="30" count="1" type="stmt"/>
      </file>
      <file name="App.jsx" path="/Users/williamwong/Downloads/coding/FEC2/about_info_module/client/src/components/App.jsx">
        <metrics statements="10" coveredstatements="5" conditionals="0" coveredconditionals="0" methods="8" coveredmethods="4"/>
        <line num="12" count="1" type="stmt"/>
        <line num="13" count="1" type="stmt"/>
        <line num="20" count="1" type="stmt"/>
        <line num="29" count="1" type="stmt"/>
        <line num="32" count="0" type="stmt"/>
        <line num="34" count="0" type="stmt"/>
        <line num="37" count="0" type="stmt"/>
        <line num="40" count="0" type="stmt"/>
        <line num="42" count="0" type="stmt"/>
        <line num="50" count="1" type="stmt"/>
      </file>
      <file name="Collections.jsx" path="/Users/williamwong/Downloads/coding/FEC2/about_info_module/client/src/components/Collections.jsx">
        <metrics statements="22" coveredstatements="6" conditionals="2" coveredconditionals="0" methods="14" coveredmethods="3"/>
        <line num="7" count="1" type="stmt"/>
        <line num="8" count="1" type="stmt"/>
        <line num="12" count="1" type="stmt"/>
        <line num="13" count="1" type="stmt"/>
        <line num="18" count="0" type="stmt"/>
        <line num="22" count="0" type="stmt"/>
        <line num="24" count="0" type="cond" truecount="0" falsecount="2"/>
        <line num="25" count="0" type="stmt"/>
        <line num="26" count="0" type="stmt"/>
        <line num="27" count="0" type="stmt"/>
        <line num="30" count="0" type="stmt"/>
        <line num="36" count="0" type="stmt"/>
        <line num="42" count="0" type="stmt"/>
        <line num="46" count="1" type="stmt"/>
        <line num="54" count="1" type="stmt"/>
        <line num="57" count="0" type="stmt"/>
        <line num="64" count="0" type="stmt"/>
        <line num="71" count="0" type="stmt"/>
        <line num="78" count="0" type="stmt"/>
        <line num="86" count="0" type="stmt"/>
        <line num="93" count="0" type="stmt"/>
        <line num="100" count="0" type="stmt"/>
      </file>
      <file name="Hover.jsx" path="/Users/williamwong/Downloads/coding/FEC2/about_info_module/client/src/components/Hover.jsx">
        <metrics statements="9" coveredstatements="4" conditionals="2" coveredconditionals="1" methods="4" coveredmethods="2"/>
        <line num="6" count="1" type="stmt"/>
        <line num="7" count="1" type="stmt"/>
        <line num="10" count="1" type="stmt"/>
        <line num="14" count="0" type="stmt"/>
        <line num="15" count="0" type="stmt"/>
        <line num="18" count="0" type="stmt"/>
        <line num="22" count="0" type="stmt"/>
        <line num="23" count="0" type="stmt"/>
        <line num="29" count="1" type="stmt"/>
      </file>
      <file name="UserInfo1.jsx" path="/Users/williamwong/Downloads/coding/FEC2/about_info_module/client/src/components/UserInfo1.jsx">
        <metrics statements="3" coveredstatements="3" conditionals="0" coveredconditionals="0" methods="2" coveredmethods="2"/>
        <line num="3" count="2" type="stmt"/>
        <line num="4" count="1" type="stmt"/>
        <line num="7" count="1" type="stmt"/>
      </file>
      <file name="UserInfo2.jsx" path="/Users/williamwong/Downloads/coding/FEC2/about_info_module/client/src/components/UserInfo2.jsx">
        <metrics statements="3" coveredstatements="3" conditionals="0" coveredconditionals="0" methods="2" coveredmethods="2"/>
        <line num="3" count="2" type="stmt"/>
        <line num="4" count="1" type="stmt"/>
        <line num="7" count="1" type="stmt"/>
      </file>
    </package>
  </project>
</coverage>
