<?xml version="1.0" encoding="UTF-8"?>
<coverage generated="1555477225874" clover="3.2.0">
  <project timestamp="1555477225875" name="All files">
    <metrics statements="28" coveredstatements="22" conditionals="10" coveredconditionals="5" methods="17" coveredmethods="13" elements="55" coveredelements="40" complexity="0" loc="28" ncloc="28" packages="2" files="7" classes="7"/>
    <package name="src">
      <metrics statements="2" coveredstatements="0" conditionals="0" coveredconditionals="0" methods="0" coveredmethods="0"/>
      <file name="index.jsx" path="/Users/MarissaShieh/Desktop/Hack Reactor/SDC/about_module/client/src/index.jsx">
        <metrics statements="1" coveredstatements="0" conditionals="0" coveredconditionals="0" methods="0" coveredmethods="0"/>
        <line num="6" count="0" type="stmt"/>
      </file>
      <file name="setupTests.js" path="/Users/MarissaShieh/Desktop/Hack Reactor/SDC/about_module/client/src/setupTests.js">
        <metrics statements="1" coveredstatements="0" conditionals="0" coveredconditionals="0" methods="0" coveredmethods="0"/>
        <line num="5" count="0" type="stmt"/>
      </file>
    </package>
    <package name="src.components">
      <metrics statements="26" coveredstatements="22" conditionals="10" coveredconditionals="5" methods="17" coveredmethods="13"/>
      <file name="About.jsx" path="/Users/MarissaShieh/Desktop/Hack Reactor/SDC/about_module/client/src/components/About.jsx">
        <metrics statements="8" coveredstatements="6" conditionals="8" coveredconditionals="4" methods="5" coveredmethods="3"/>
        <line num="5" count="1" type="stmt"/>
        <line num="6" count="1" type="stmt"/>
        <line num="10" count="1" type="stmt"/>
        <line num="11" count="1" type="stmt"/>
        <line num="15" count="0" type="stmt"/>
        <line num="21" count="0" type="stmt"/>
        <line num="27" count="1" type="stmt"/>
        <line num="30" count="1" type="stmt"/>
      </file>
      <file name="App.jsx" path="/Users/MarissaShieh/Desktop/Hack Reactor/SDC/about_module/client/src/components/App.jsx">
        <metrics statements="10" coveredstatements="8" conditionals="0" coveredconditionals="0" methods="6" coveredmethods="4"/>
        <line num="10" count="1" type="stmt"/>
        <line num="11" count="1" type="stmt"/>
        <line num="17" count="1" type="stmt"/>
        <line num="21" count="1" type="stmt"/>
        <line num="22" count="1" type="stmt"/>
        <line num="23" count="1" type="stmt"/>
        <line num="24" count="1" type="stmt"/>
        <line num="27" count="0" type="stmt"/>
        <line num="29" count="0" type="stmt"/>
        <line num="36" count="1" type="stmt"/>
      </file>
      <file name="Collections.jsx" path="/Users/MarissaShieh/Desktop/Hack Reactor/SDC/about_module/client/src/components/Collections.jsx">
        <metrics statements="2" coveredstatements="2" conditionals="0" coveredconditionals="0" methods="2" coveredmethods="2"/>
        <line num="5" count="1" type="stmt"/>
        <line num="12" count="1" type="stmt"/>
      </file>
      <file name="UserInfo1.jsx" path="/Users/MarissaShieh/Desktop/Hack Reactor/SDC/about_module/client/src/components/UserInfo1.jsx">
        <metrics statements="3" coveredstatements="3" conditionals="2" coveredconditionals="1" methods="2" coveredmethods="2"/>
        <line num="3" count="2" type="stmt"/>
        <line num="4" count="1" type="stmt"/>
        <line num="7" count="1" type="stmt"/>
      </file>
      <file name="UserInfo2.jsx" path="/Users/MarissaShieh/Desktop/Hack Reactor/SDC/about_module/client/src/components/UserInfo2.jsx">
        <metrics statements="3" coveredstatements="3" conditionals="0" coveredconditionals="0" methods="2" coveredmethods="2"/>
        <line num="3" count="2" type="stmt"/>
        <line num="4" count="1" type="stmt"/>
        <line num="7" count="1" type="stmt"/>
      </file>
    </package>
  </project>
</coverage>
