{"/Users/MarissaShieh/Desktop/Hack Reactor/SDC/about_module/client/src/index.jsx": {"path":"/Users/MarissaShieh/Desktop/Hack Reactor/SDC/about_module/client/src/index.jsx","statementMap":{"0":{"start":{"line":6,"column":0},"end":{"line":6,"column":71}}},"fnMap":{},"branchMap":{},"s":{"0":0},"f":{},"b":{}}
,"/Users/MarissaShieh/Desktop/Hack Reactor/SDC/about_module/client/src/setupTests.js": {"path":"/Users/MarissaShieh/Desktop/Hack Reactor/SDC/about_module/client/src/setupTests.js","statementMap":{"0":{"start":{"line":5,"column":0},"end":{"line":5,"column":38}}},"fnMap":{},"branchMap":{},"s":{"0":0},"f":{},"b":{}}
,"/Users/MarissaShieh/Desktop/Hack Reactor/SDC/about_module/client/src/components/About.jsx": {"path":"/Users/MarissaShieh/Desktop/Hack Reactor/SDC/about_module/client/src/components/About.jsx","statementMap":{"0":{"start":{"line":5,"column":4},"end":{"line":5,"column":17}},"1":{"start":{"line":6,"column":4},"end":{"line":9,"column":6}},"2":{"start":{"line":10,"column":4},"end":{"line":10,"column":59}},"3":{"start":{"line":11,"column":4},"end":{"line":11,"column":59}},"4":{"start":{"line":15,"column":4},"end":{"line":17,"column":7}},"5":{"start":{"line":21,"column":4},"end":{"line":23,"column":7}},"6":{"start":{"line":27,"column":4},"end":{"line":112,"column":6}},"7":{"start":{"line":30,"column":10},"end":{"line":109,"column":12}}},"fnMap":{"0":{"name":"(anonymous_0)","decl":{"start":{"line":4,"column":2},"end":{"line":4,"column":3}},"loc":{"start":{"line":4,"column":21},"end":{"line":12,"column":3}},"line":4},"1":{"name":"(anonymous_1)","decl":{"start":{"line":14,"column":2},"end":{"line":14,"column":3}},"loc":{"start":{"line":14,"column":20},"end":{"line":18,"column":3}},"line":14},"2":{"name":"(anonymous_2)","decl":{"start":{"line":20,"column":2},"end":{"line":20,"column":3}},"loc":{"start":{"line":20,"column":20},"end":{"line":24,"column":3}},"line":20},"3":{"name":"(anonymous_3)","decl":{"start":{"line":26,"column":2},"end":{"line":26,"column":3}},"loc":{"start":{"line":26,"column":11},"end":{"line":113,"column":3}},"line":26},"4":{"name":"(anonymous_4)","decl":{"start":{"line":29,"column":34},"end":{"line":29,"column":35}},"loc":{"start":{"line":29,"column":45},"end":{"line":110,"column":9}},"line":29}},"branchMap":{"0":{"loc":{"start":{"line":34,"column":67},"end":{"line":34,"column":117}},"type":"cond-expr","locations":[{"start":{"line":34,"column":92},"end":{"line":34,"column":103}},{"start":{"line":34,"column":106},"end":{"line":34,"column":117}}],"line":34},"1":{"loc":{"start":{"line":39,"column":21},"end":{"line":39,"column":98}},"type":"cond-expr","locations":[{"start":{"line":39,"column":46},"end":{"line":39,"column":63}},{"start":{"line":39,"column":66},"end":{"line":39,"column":98}}],"line":39},"2":{"loc":{"start":{"line":41,"column":72},"end":{"line":41,"column":122}},"type":"cond-expr","locations":[{"start":{"line":41,"column":97},"end":{"line":41,"column":108}},{"start":{"line":41,"column":111},"end":{"line":41,"column":122}}],"line":41},"3":{"loc":{"start":{"line":79,"column":17},"end":{"line":106,"column":24}},"type":"cond-expr","locations":[{"start":{"line":80,"column":18},"end":{"line":105,"column":24}},{"start":{"line":106,"column":20},"end":{"line":106,"column":24}}],"line":79}},"s":{"0":1,"1":1,"2":1,"3":1,"4":0,"5":0,"6":1,"7":1},"f":{"0":1,"1":0,"2":0,"3":1,"4":1},"b":{"0":[0,1],"1":[0,1],"2":[0,1],"3":[0,1]},"_coverageSchema":"43e27e138ebf9cfc5966b082cf9a028302ed4184","hash":"55c00a85e4471bf288b43b413a1b2d88b3ed5cce"}
,"/Users/MarissaShieh/Desktop/Hack Reactor/SDC/about_module/client/src/components/App.jsx": {"path":"/Users/MarissaShieh/Desktop/Hack Reactor/SDC/about_module/client/src/components/App.jsx","statementMap":{"0":{"start":{"line":10,"column":4},"end":{"line":10,"column":17}},"1":{"start":{"line":11,"column":4},"end":{"line":13,"column":6}},"2":{"start":{"line":17,"column":4},"end":{"line":17,"column":24}},"3":{"start":{"line":21,"column":16},"end":{"line":21,"column":40}},"4":{"start":{"line":22,"column":21},"end":{"line":22,"column":35}},"5":{"start":{"line":23,"column":21},"end":{"line":23,"column":50}},"6":{"start":{"line":24,"column":4},"end":{"line":32,"column":9}},"7":{"start":{"line":27,"column":24},"end":{"line":27,"column":39}},"8":{"start":{"line":29,"column":8},"end":{"line":31,"column":11}},"9":{"start":{"line":36,"column":4},"end":{"line":54,"column":6}}},"fnMap":{"0":{"name":"(anonymous_0)","decl":{"start":{"line":9,"column":2},"end":{"line":9,"column":3}},"loc":{"start":{"line":9,"column":21},"end":{"line":14,"column":3}},"line":9},"1":{"name":"(anonymous_1)","decl":{"start":{"line":16,"column":2},"end":{"line":16,"column":3}},"loc":{"start":{"line":16,"column":22},"end":{"line":18,"column":3}},"line":16},"2":{"name":"(anonymous_2)","decl":{"start":{"line":20,"column":2},"end":{"line":20,"column":3}},"loc":{"start":{"line":20,"column":17},"end":{"line":33,"column":3}},"line":20},"3":{"name":"(anonymous_3)","decl":{"start":{"line":27,"column":12},"end":{"line":27,"column":13}},"loc":{"start":{"line":27,"column":24},"end":{"line":27,"column":39}},"line":27},"4":{"name":"(anonymous_4)","decl":{"start":{"line":28,"column":12},"end":{"line":28,"column":13}},"loc":{"start":{"line":28,"column":28},"end":{"line":32,"column":7}},"line":28},"5":{"name":"(anonymous_5)","decl":{"start":{"line":35,"column":2},"end":{"line":35,"column":3}},"loc":{"start":{"line":35,"column":11},"end":{"line":55,"column":3}},"line":35}},"branchMap":{},"s":{"0":1,"1":1,"2":1,"3":1,"4":1,"5":1,"6":1,"7":0,"8":0,"9":1},"f":{"0":1,"1":1,"2":1,"3":0,"4":0,"5":1},"b":{},"_coverageSchema":"43e27e138ebf9cfc5966b082cf9a028302ed4184","hash":"b2c0535aafbbf50d8dc260caca026d2ae3f38fed"}
,"/Users/MarissaShieh/Desktop/Hack Reactor/SDC/about_module/client/src/components/Collections.jsx": {"path":"/Users/MarissaShieh/Desktop/Hack Reactor/SDC/about_module/client/src/components/Collections.jsx","statementMap":{"0":{"start":{"line":5,"column":2},"end":{"line":23,"column":4}},"1":{"start":{"line":12,"column":8},"end":{"line":20,"column":14}}},"fnMap":{"0":{"name":"Collections","decl":{"start":{"line":3,"column":9},"end":{"line":3,"column":20}},"loc":{"start":{"line":3,"column":29},"end":{"line":24,"column":1}},"line":3},"1":{"name":"(anonymous_1)","decl":{"start":{"line":11,"column":27},"end":{"line":11,"column":28}},"loc":{"start":{"line":12,"column":8},"end":{"line":20,"column":14}},"line":12}},"branchMap":{},"s":{"0":1,"1":1},"f":{"0":1,"1":1},"b":{},"_coverageSchema":"43e27e138ebf9cfc5966b082cf9a028302ed4184","hash":"cfc1699d842b18c2252e0cf33996484207a41ee2"}
,"/Users/MarissaShieh/Desktop/Hack Reactor/SDC/about_module/client/src/components/UserInfo1.jsx": {"path":"/Users/MarissaShieh/Desktop/Hack Reactor/SDC/about_module/client/src/components/UserInfo1.jsx","statementMap":{"0":{"start":{"line":3,"column":18},"end":{"line":58,"column":1}},"1":{"start":{"line":4,"column":2},"end":{"line":57,"column":4}},"2":{"start":{"line":7,"column":8},"end":{"line":54,"column":10}}},"fnMap":{"0":{"name":"(anonymous_0)","decl":{"start":{"line":3,"column":18},"end":{"line":3,"column":19}},"loc":{"start":{"line":3,"column":29},"end":{"line":58,"column":1}},"line":3},"1":{"name":"(anonymous_1)","decl":{"start":{"line":6,"column":27},"end":{"line":6,"column":28}},"loc":{"start":{"line":6,"column":38},"end":{"line":55,"column":7}},"line":6}},"branchMap":{"0":{"loc":{"start":{"line":39,"column":19},"end":{"line":39,"column":62}},"type":"cond-expr","locations":[{"start":{"line":39,"column":53},"end":{"line":39,"column":56}},{"start":{"line":39,"column":59},"end":{"line":39,"column":62}}],"line":39}},"s":{"0":2,"1":1,"2":1},"f":{"0":1,"1":1},"b":{"0":[0,1]},"_coverageSchema":"43e27e138ebf9cfc5966b082cf9a028302ed4184","hash":"bf883a0d69a79968dffadb5d4e2b4097c576918b"}
,"/Users/MarissaShieh/Desktop/Hack Reactor/SDC/about_module/client/src/components/UserInfo2.jsx": {"path":"/Users/MarissaShieh/Desktop/Hack Reactor/SDC/about_module/client/src/components/UserInfo2.jsx","statementMap":{"0":{"start":{"line":3,"column":18},"end":{"line":42,"column":1}},"1":{"start":{"line":4,"column":2},"end":{"line":41,"column":4}},"2":{"start":{"line":7,"column":8},"end":{"line":38,"column":10}}},"fnMap":{"0":{"name":"(anonymous_0)","decl":{"start":{"line":3,"column":18},"end":{"line":3,"column":19}},"loc":{"start":{"line":3,"column":29},"end":{"line":42,"column":1}},"line":3},"1":{"name":"(anonymous_1)","decl":{"start":{"line":6,"column":27},"end":{"line":6,"column":28}},"loc":{"start":{"line":6,"column":38},"end":{"line":39,"column":7}},"line":6}},"branchMap":{},"s":{"0":2,"1":1,"2":1},"f":{"0":1,"1":1},"b":{},"_coverageSchema":"43e27e138ebf9cfc5966b082cf9a028302ed4184","hash":"da57eee9f9170cf823be853199ef9183148fe3df"}
}
