{"/Users/williamwong/Downloads/coding/FEC2/about_info_module/client/src/index.jsx": {"path":"/Users/williamwong/Downloads/coding/FEC2/about_info_module/client/src/index.jsx","statementMap":{"0":{"start":{"line":3,"column":0},"end":{"line":3,"column":57}}},"fnMap":{},"branchMap":{},"s":{"0":0},"f":{},"b":{}}
,"/Users/williamwong/Downloads/coding/FEC2/about_info_module/client/src/setupTests.js": {"path":"/Users/williamwong/Downloads/coding/FEC2/about_info_module/client/src/setupTests.js","statementMap":{"0":{"start":{"line":5,"column":0},"end":{"line":5,"column":38}}},"fnMap":{},"branchMap":{},"s":{"0":0},"f":{},"b":{}}
,"/Users/williamwong/Downloads/coding/FEC2/about_info_module/client/src/components/About.jsx": {"path":"/Users/williamwong/Downloads/coding/FEC2/about_info_module/client/src/components/About.jsx","statementMap":{"0":{"start":{"line":5,"column":4},"end":{"line":5,"column":17}},"1":{"start":{"line":6,"column":4},"end":{"line":9,"column":6}},"2":{"start":{"line":10,"column":4},"end":{"line":10,"column":59}},"3":{"start":{"line":11,"column":4},"end":{"line":11,"column":59}},"4":{"start":{"line":15,"column":4},"end":{"line":17,"column":7}},"5":{"start":{"line":21,"column":4},"end":{"line":23,"column":7}},"6":{"start":{"line":27,"column":4},"end":{"line":111,"column":6}},"7":{"start":{"line":30,"column":10},"end":{"line":108,"column":12}}},"fnMap":{"0":{"name":"(anonymous_0)","decl":{"start":{"line":4,"column":2},"end":{"line":4,"column":3}},"loc":{"start":{"line":4,"column":21},"end":{"line":12,"column":3}},"line":4},"1":{"name":"(anonymous_1)","decl":{"start":{"line":14,"column":2},"end":{"line":14,"column":3}},"loc":{"start":{"line":14,"column":20},"end":{"line":18,"column":3}},"line":14},"2":{"name":"(anonymous_2)","decl":{"start":{"line":20,"column":2},"end":{"line":20,"column":3}},"loc":{"start":{"line":20,"column":20},"end":{"line":24,"column":3}},"line":20},"3":{"name":"(anonymous_3)","decl":{"start":{"line":26,"column":2},"end":{"line":26,"column":3}},"loc":{"start":{"line":26,"column":11},"end":{"line":112,"column":3}},"line":26},"4":{"name":"(anonymous_4)","decl":{"start":{"line":29,"column":34},"end":{"line":29,"column":35}},"loc":{"start":{"line":29,"column":50},"end":{"line":109,"column":9}},"line":29}},"branchMap":{"0":{"loc":{"start":{"line":34,"column":68},"end":{"line":34,"column":118}},"type":"cond-expr","locations":[{"start":{"line":34,"column":93},"end":{"line":34,"column":104}},{"start":{"line":34,"column":107},"end":{"line":34,"column":118}}],"line":34},"1":{"loc":{"start":{"line":39,"column":21},"end":{"line":39,"column":98}},"type":"cond-expr","locations":[{"start":{"line":39,"column":46},"end":{"line":39,"column":63}},{"start":{"line":39,"column":66},"end":{"line":39,"column":98}}],"line":39},"2":{"loc":{"start":{"line":41,"column":72},"end":{"line":41,"column":122}},"type":"cond-expr","locations":[{"start":{"line":41,"column":97},"end":{"line":41,"column":108}},{"start":{"line":41,"column":111},"end":{"line":41,"column":122}}],"line":41},"3":{"loc":{"start":{"line":78,"column":17},"end":{"line":105,"column":24}},"type":"cond-expr","locations":[{"start":{"line":79,"column":18},"end":{"line":104,"column":24}},{"start":{"line":105,"column":20},"end":{"line":105,"column":24}}],"line":78}},"s":{"0":1,"1":1,"2":1,"3":1,"4":0,"5":0,"6":1,"7":1},"f":{"0":1,"1":0,"2":0,"3":1,"4":1},"b":{"0":[0,1],"1":[0,1],"2":[0,1],"3":[0,1]},"_coverageSchema":"43e27e138ebf9cfc5966b082cf9a028302ed4184","hash":"d8bbbf1f3f68e4b178a42760a3004299123db5fa"}
,"/Users/williamwong/Downloads/coding/FEC2/about_info_module/client/src/components/App.jsx": {"path":"/Users/williamwong/Downloads/coding/FEC2/about_info_module/client/src/components/App.jsx","statementMap":{"0":{"start":{"line":11,"column":4},"end":{"line":11,"column":17}},"1":{"start":{"line":12,"column":4},"end":{"line":14,"column":6}},"2":{"start":{"line":18,"column":4},"end":{"line":18,"column":24}},"3":{"start":{"line":25,"column":4},"end":{"line":34,"column":9}},"4":{"start":{"line":28,"column":24},"end":{"line":28,"column":39}},"5":{"start":{"line":31,"column":8},"end":{"line":33,"column":11}},"6":{"start":{"line":38,"column":4},"end":{"line":56,"column":6}}},"fnMap":{"0":{"name":"(anonymous_0)","decl":{"start":{"line":10,"column":2},"end":{"line":10,"column":3}},"loc":{"start":{"line":10,"column":21},"end":{"line":15,"column":3}},"line":10},"1":{"name":"(anonymous_1)","decl":{"start":{"line":17,"column":2},"end":{"line":17,"column":3}},"loc":{"start":{"line":17,"column":22},"end":{"line":19,"column":3}},"line":17},"2":{"name":"(anonymous_2)","decl":{"start":{"line":21,"column":2},"end":{"line":21,"column":3}},"loc":{"start":{"line":21,"column":17},"end":{"line":35,"column":3}},"line":21},"3":{"name":"(anonymous_3)","decl":{"start":{"line":28,"column":12},"end":{"line":28,"column":13}},"loc":{"start":{"line":28,"column":24},"end":{"line":28,"column":39}},"line":28},"4":{"name":"(anonymous_4)","decl":{"start":{"line":29,"column":12},"end":{"line":29,"column":13}},"loc":{"start":{"line":29,"column":28},"end":{"line":34,"column":7}},"line":29},"5":{"name":"(anonymous_5)","decl":{"start":{"line":37,"column":2},"end":{"line":37,"column":3}},"loc":{"start":{"line":37,"column":11},"end":{"line":57,"column":3}},"line":37}},"branchMap":{},"s":{"0":1,"1":1,"2":1,"3":1,"4":0,"5":0,"6":1},"f":{"0":1,"1":1,"2":1,"3":0,"4":0,"5":1},"b":{},"_coverageSchema":"43e27e138ebf9cfc5966b082cf9a028302ed4184","hash":"4732bbd5d7169ca7f4744f47651e1d3b58f8cefd"}
,"/Users/williamwong/Downloads/coding/FEC2/about_info_module/client/src/components/Collections.jsx": {"path":"/Users/williamwong/Downloads/coding/FEC2/about_info_module/client/src/components/Collections.jsx","statementMap":{"0":{"start":{"line":5,"column":4},"end":{"line":5,"column":17}},"1":{"start":{"line":6,"column":4},"end":{"line":8,"column":6}},"2":{"start":{"line":12,"column":4},"end":{"line":38,"column":6}}},"fnMap":{"0":{"name":"(anonymous_0)","decl":{"start":{"line":4,"column":2},"end":{"line":4,"column":3}},"loc":{"start":{"line":4,"column":21},"end":{"line":9,"column":3}},"line":4},"1":{"name":"(anonymous_1)","decl":{"start":{"line":11,"column":2},"end":{"line":11,"column":3}},"loc":{"start":{"line":11,"column":11},"end":{"line":39,"column":3}},"line":11}},"branchMap":{},"s":{"0":1,"1":1,"2":1},"f":{"0":1,"1":1},"b":{},"_coverageSchema":"43e27e138ebf9cfc5966b082cf9a028302ed4184","hash":"e9e2057a11448382e769c22b44c15395f5c0aca5"}
,"/Users/williamwong/Downloads/coding/FEC2/about_info_module/client/src/components/UserInfo1.jsx": {"path":"/Users/williamwong/Downloads/coding/FEC2/about_info_module/client/src/components/UserInfo1.jsx","statementMap":{"0":{"start":{"line":3,"column":18},"end":{"line":49,"column":1}},"1":{"start":{"line":4,"column":2},"end":{"line":48,"column":4}},"2":{"start":{"line":7,"column":8},"end":{"line":33,"column":10}}},"fnMap":{"0":{"name":"(anonymous_0)","decl":{"start":{"line":3,"column":18},"end":{"line":3,"column":19}},"loc":{"start":{"line":3,"column":29},"end":{"line":49,"column":1}},"line":3},"1":{"name":"(anonymous_1)","decl":{"start":{"line":6,"column":27},"end":{"line":6,"column":28}},"loc":{"start":{"line":6,"column":43},"end":{"line":34,"column":7}},"line":6}},"branchMap":{},"s":{"0":2,"1":1,"2":1},"f":{"0":1,"1":1},"b":{},"_coverageSchema":"43e27e138ebf9cfc5966b082cf9a028302ed4184","hash":"48b340cef51207e8ca9d1570ea4ca92a0d4412e7"}
,"/Users/williamwong/Downloads/coding/FEC2/about_info_module/client/src/components/UserInfo2.jsx": {"path":"/Users/williamwong/Downloads/coding/FEC2/about_info_module/client/src/components/UserInfo2.jsx","statementMap":{"0":{"start":{"line":3,"column":18},"end":{"line":36,"column":1}},"1":{"start":{"line":4,"column":2},"end":{"line":35,"column":4}},"2":{"start":{"line":7,"column":8},"end":{"line":32,"column":10}}},"fnMap":{"0":{"name":"(anonymous_0)","decl":{"start":{"line":3,"column":18},"end":{"line":3,"column":19}},"loc":{"start":{"line":3,"column":29},"end":{"line":36,"column":1}},"line":3},"1":{"name":"(anonymous_1)","decl":{"start":{"line":6,"column":27},"end":{"line":6,"column":28}},"loc":{"start":{"line":6,"column":43},"end":{"line":33,"column":7}},"line":6}},"branchMap":{},"s":{"0":2,"1":1,"2":1},"f":{"0":1,"1":1},"b":{},"_coverageSchema":"43e27e138ebf9cfc5966b082cf9a028302ed4184","hash":"24f2ff9317a9934c9ce680fe1036e0053d341ac4"}
}
