TN:
SF:/Users/williamwong/Downloads/coding/FEC2/about_info_module/client/src/index.jsx
FNF:0
FNH:0
DA:3,0
LF:1
LH:0
BRF:0
BRH:0
end_of_record
TN:
SF:/Users/williamwong/Downloads/coding/FEC2/about_info_module/client/src/setupTests.js
FNF:0
FNH:0
DA:5,0
LF:1
LH:0
BRF:0
BRH:0
end_of_record
TN:
SF:/Users/williamwong/Downloads/coding/FEC2/about_info_module/client/src/components/About.jsx
FN:4,(anonymous_0)
FN:14,(anonymous_1)
FN:20,(anonymous_2)
FN:26,(anonymous_3)
FN:29,(anonymous_4)
FNF:5
FNH:3
FNDA:1,(anonymous_0)
FNDA:0,(anonymous_1)
FNDA:0,(anonymous_2)
FNDA:1,(anonymous_3)
FNDA:1,(anonymous_4)
DA:5,1
DA:6,1
DA:10,1
DA:11,1
DA:15,0
DA:21,0
DA:27,1
DA:30,1
LF:8
LH:6
BRDA:34,0,0,0
BRDA:34,0,1,1
BRDA:39,1,0,0
BRDA:39,1,1,1
BRDA:41,2,0,0
BRDA:41,2,1,1
BRDA:78,3,0,0
BRDA:78,3,1,1
BRF:8
BRH:4
end_of_record
TN:
SF:/Users/williamwong/Downloads/coding/FEC2/about_info_module/client/src/components/App.jsx
FN:10,(anonymous_0)
FN:17,(anonymous_1)
FN:21,(anonymous_2)
FN:28,(anonymous_3)
FN:29,(anonymous_4)
FN:37,(anonymous_5)
FNF:6
FNH:4
FNDA:1,(anonymous_0)
FNDA:1,(anonymous_1)
FNDA:1,(anonymous_2)
FNDA:0,(anonymous_3)
FNDA:0,(anonymous_4)
FNDA:1,(anonymous_5)
DA:11,1
DA:12,1
DA:18,1
DA:25,1
DA:28,0
DA:31,0
DA:38,1
LF:7
LH:5
BRF:0
BRH:0
end_of_record
TN:
SF:/Users/williamwong/Downloads/coding/FEC2/about_info_module/client/src/components/Collections.jsx
FN:4,(anonymous_0)
FN:11,(anonymous_1)
FNF:2
FNH:2
FNDA:1,(anonymous_0)
FNDA:1,(anonymous_1)
DA:5,1
DA:6,1
DA:12,1
LF:3
LH:3
BRF:0
BRH:0
end_of_record
TN:
SF:/Users/williamwong/Downloads/coding/FEC2/about_info_module/client/src/components/UserInfo1.jsx
FN:3,(anonymous_0)
FN:6,(anonymous_1)
FNF:2
FNH:2
FNDA:1,(anonymous_0)
FNDA:1,(anonymous_1)
DA:3,2
DA:4,1
DA:7,1
LF:3
LH:3
BRF:0
BRH:0
end_of_record
TN:
SF:/Users/williamwong/Downloads/coding/FEC2/about_info_module/client/src/components/UserInfo2.jsx
FN:3,(anonymous_0)
FN:6,(anonymous_1)
FNF:2
FNH:2
FNDA:1,(anonymous_0)
FNDA:1,(anonymous_1)
DA:3,2
DA:4,1
DA:7,1
LF:3
LH:3
BRF:0
BRH:0
end_of_record
