TN:
SF:/Users/williamwong/Downloads/coding/FEC2/about_info_module/client/src/index.jsx
FNF:0
FNH:0
DA:6,0
LF:1
LH:0
BRF:0
BRH:0
end_of_record
TN:
SF:/Users/williamwong/Downloads/coding/FEC2/about_info_module/client/src/setupTests.js
FNF:0
FNH:0
DA:5,0
LF:1
LH:0
BRF:0
BRH:0
end_of_record
TN:
SF:/Users/williamwong/Downloads/coding/FEC2/about_info_module/client/src/components/About.jsx
FN:4,(anonymous_0)
FN:14,(anonymous_1)
FN:20,(anonymous_2)
FN:26,(anonymous_3)
FN:29,(anonymous_4)
FNF:5
FNH:3
FNDA:1,(anonymous_0)
FNDA:0,(anonymous_1)
FNDA:0,(anonymous_2)
FNDA:1,(anonymous_3)
FNDA:1,(anonymous_4)
DA:5,1
DA:6,1
DA:10,1
DA:11,1
DA:15,0
DA:21,0
DA:27,1
DA:30,1
LF:8
LH:6
BRDA:34,0,0,0
BRDA:34,0,1,1
BRDA:39,1,0,0
BRDA:39,1,1,1
BRDA:41,2,0,0
BRDA:41,2,1,1
BRDA:79,3,0,0
BRDA:79,3,1,1
BRF:8
BRH:4
end_of_record
TN:
SF:/Users/williamwong/Downloads/coding/FEC2/about_info_module/client/src/components/App.jsx
FN:11,(anonymous_0)
FN:19,(anonymous_1)
FN:25,(anonymous_2)
FN:32,(anonymous_3)
FN:33,(anonymous_4)
FN:40,(anonymous_5)
FN:41,(anonymous_6)
FN:49,(anonymous_7)
FNF:8
FNH:4
FNDA:1,(anonymous_0)
FNDA:1,(anonymous_1)
FNDA:1,(anonymous_2)
FNDA:0,(anonymous_3)
FNDA:0,(anonymous_4)
FNDA:0,(anonymous_5)
FNDA:0,(anonymous_6)
FNDA:1,(anonymous_7)
DA:12,1
DA:13,1
DA:20,1
DA:29,1
DA:32,0
DA:34,0
DA:37,0
DA:40,0
DA:42,0
DA:50,1
LF:10
LH:5
BRF:0
BRH:0
end_of_record
TN:
SF:/Users/williamwong/Downloads/coding/FEC2/about_info_module/client/src/components/Collections.jsx
FN:6,(anonymous_0)
FN:17,(anonymous_1)
FN:22,(anonymous_2)
FN:35,(anonymous_3)
FN:41,(anonymous_4)
FN:45,(anonymous_5)
FN:53,(anonymous_6)
FN:57,(anonymous_7)
FN:64,(anonymous_8)
FN:71,(anonymous_9)
FN:78,(anonymous_10)
FN:86,(anonymous_11)
FN:93,(anonymous_12)
FN:100,(anonymous_13)
FNF:14
FNH:3
FNDA:1,(anonymous_0)
FNDA:0,(anonymous_1)
FNDA:0,(anonymous_2)
FNDA:0,(anonymous_3)
FNDA:0,(anonymous_4)
FNDA:1,(anonymous_5)
FNDA:1,(anonymous_6)
FNDA:0,(anonymous_7)
FNDA:0,(anonymous_8)
FNDA:0,(anonymous_9)
FNDA:0,(anonymous_10)
FNDA:0,(anonymous_11)
FNDA:0,(anonymous_12)
FNDA:0,(anonymous_13)
DA:7,1
DA:8,1
DA:12,1
DA:13,1
DA:18,0
DA:22,0
DA:24,0
DA:25,0
DA:26,0
DA:27,0
DA:30,0
DA:36,0
DA:42,0
DA:46,1
DA:54,1
DA:57,0
DA:64,0
DA:71,0
DA:78,0
DA:86,0
DA:93,0
DA:100,0
LF:22
LH:6
BRDA:24,0,0,0
BRDA:24,0,1,0
BRF:2
BRH:0
end_of_record
TN:
SF:/Users/williamwong/Downloads/coding/FEC2/about_info_module/client/src/components/Hover.jsx
FN:5,(anonymous_0)
FN:13,(anonymous_1)
FN:21,(anonymous_2)
FN:28,(anonymous_3)
FNF:4
FNH:2
FNDA:1,(anonymous_0)
FNDA:0,(anonymous_1)
FNDA:0,(anonymous_2)
FNDA:1,(anonymous_3)
DA:6,1
DA:7,1
DA:10,1
DA:14,0
DA:15,0
DA:18,0
DA:22,0
DA:23,0
DA:29,1
LF:9
LH:4
BRDA:32,0,0,1
BRDA:32,0,1,0
BRF:2
BRH:1
end_of_record
TN:
SF:/Users/williamwong/Downloads/coding/FEC2/about_info_module/client/src/components/UserInfo1.jsx
FN:3,(anonymous_0)
FN:6,(anonymous_1)
FNF:2
FNH:2
FNDA:1,(anonymous_0)
FNDA:1,(anonymous_1)
DA:3,2
DA:4,1
DA:7,1
LF:3
LH:3
BRF:0
BRH:0
end_of_record
TN:
SF:/Users/williamwong/Downloads/coding/FEC2/about_info_module/client/src/components/UserInfo2.jsx
FN:3,(anonymous_0)
FN:6,(anonymous_1)
FNF:2
FNH:2
FNDA:1,(anonymous_0)
FNDA:1,(anonymous_1)
DA:3,2
DA:4,1
DA:7,1
LF:3
LH:3
BRF:0
BRH:0
end_of_record
